<?xml version="1.0" encoding="UTF-8"?>
<!-- Generated by org.testng.reporters.JUnitReportReporter -->
<testsuite hostname="DESKTOP-8KUUJM9" failures="0" tests="1" name="neoStoxTest.ValidateNeostoxUserName" time="31.481" errors="0" timestamp="2022-12-13T11:14:27 IST" skipped="0">
  <testcase classname="neoStoxTest.ValidateNeostoxUserName" name="validateUserName" time="31.481"/>
  <system-out>
    <![CDATA[getting user name
reading value ofuserNamefrom property file
getting user name
taking screenshot]]>
  </system-out>
</testsuite> <!-- neoStoxTest.ValidateNeostoxUserName -->
